# JRE version: Java(TM) SE Runtime Environment (8.0_202-b08) (build 1.8.0_202-b08)
# Java VM: Java HotSpot(TM) 64-Bit Server VM (25.202-b08 mixed mode windows-amd64 compressed oops)
Heap:
 PSYoungGen      total 325120K, used 83587K [0x00000000d5c00000, 0x00000000f0a00000, 0x0000000100000000)
  eden space 307712K, 27% used [0x00000000d5c00000,0x00000000dada0fe8,0x00000000e8880000)
  from space 17408K, 0% used [0x00000000e8880000,0x00000000e8880000,0x00000000e9980000)
  to   space 22016K, 0% used [0x00000000ef480000,0x00000000ef480000,0x00000000f0a00000)
 ParOldGen       total 76800K, used 40461K [0x0000000081400000, 0x0000000085f00000, 0x00000000d5c00000)
  object space 76800K, 52% used [0x0000000081400000,0x0000000083b83798,0x0000000085f00000)
 Metaspace       used 60569K, capacity 63761K, committed 64000K, reserved 1103872K
  class space    used 8297K, capacity 8866K, committed 8960K, reserved 1048576K
GC Heap History (10 events):
Event: 4.381 GC heap before
{Heap before GC invocations=10 (full 1):
 PSYoungGen      total 226304K, used 88548K [0x00000000d5c00000, 0x00000000e5680000, 0x0000000100000000)
  eden space 215552K, 36% used [0x00000000d5c00000,0x00000000da7fbca8,0x00000000e2e80000)
  from space 10752K, 99% used [0x00000000e3c00000,0x00000000e467d580,0x00000000e4680000)
  to   space 13824K, 0% used [0x00000000e2e80000,0x00000000e2e80000,0x00000000e3c00000)
 ParOldGen       total 53248K, used 14317K [0x0000000081400000, 0x0000000084800000, 0x00000000d5c00000)
  object space 53248K, 26% used [0x0000000081400000,0x00000000821fb758,0x0000000084800000)
 Metaspace       used 33648K, capacity 35399K, committed 35496K, reserved 1079296K
  class space    used 4463K, capacity 4806K, committed 4864K, reserved 1048576K
Event: 4.391 GC heap after
Heap after GC invocations=10 (full 1):
 PSYoungGen      total 229376K, used 12049K [0x00000000d5c00000, 0x00000000eaa80000, 0x0000000100000000)
  eden space 215552K, 0% used [0x00000000d5c00000,0x00000000d5c00000,0x00000000e2e80000)
  from space 13824K, 87% used [0x00000000e2e80000,0x00000000e3a447b0,0x00000000e3c00000)
  to   space 14848K, 0% used [0x00000000e9c00000,0x00000000e9c00000,0x00000000eaa80000)
 ParOldGen       total 53248K, used 16539K [0x0000000081400000, 0x0000000084800000, 0x00000000d5c00000)
  object space 53248K, 31% used [0x0000000081400000,0x0000000082426cb0,0x0000000084800000)
 Metaspace       used 33648K, capacity 35399K, committed 35496K, reserved 1079296K
  class space    used 4463K, capacity 4806K, committed 4864K, reserved 1048576K
}
Event: 4.391 GC heap before
{Heap before GC invocations=11 (full 2):
 PSYoungGen      total 229376K, used 12049K [0x00000000d5c00000, 0x00000000eaa80000, 0x0000000100000000)
  eden space 215552K, 0% used [0x00000000d5c00000,0x00000000d5c00000,0x00000000e2e80000)
  from space 13824K, 87% used [0x00000000e2e80000,0x00000000e3a447b0,0x00000000e3c00000)
  to   space 14848K, 0% used [0x00000000e9c00000,0x00000000e9c00000,0x00000000eaa80000)
 ParOldGen       total 53248K, used 16539K [0x0000000081400000, 0x0000000084800000, 0x00000000d5c00000)
  object space 53248K, 31% used [0x0000000081400000,0x0000000082426cb0,0x0000000084800000)
 Metaspace       used 33648K, capacity 35399K, committed 35496K, reserved 1079296K
  class space    used 4463K, capacity 4806K, committed 4864K, reserved 1048576K
Event: 4.444 GC heap after
Heap after GC invocations=11 (full 2):
 PSYoungGen      total 229376K, used 0K [0x00000000d5c00000, 0x00000000eaa80000, 0x0000000100000000)
  eden space 215552K, 0% used [0x00000000d5c00000,0x00000000d5c00000,0x00000000e2e80000)
  from space 13824K, 0% used [0x00000000e2e80000,0x00000000e2e80000,0x00000000e3c00000)
  to   space 14848K, 0% used [0x00000000e9c00000,0x00000000e9c00000,0x00000000eaa80000)
 ParOldGen       total 76800K, used 19911K [0x0000000081400000, 0x0000000085f00000, 0x00000000d5c00000)
  object space 76800K, 25% used [0x0000000081400000,0x0000000082771e28,0x0000000085f00000)
 Metaspace       used 33648K, capacity 35399K, committed 35496K, reserved 1079296K
  class space    used 4463K, capacity 4806K, committed 4864K, reserved 1048576K
}
Event: 5.723 GC heap before
{Heap before GC invocations=12 (full 2):
 PSYoungGen      total 229376K, used 215552K [0x00000000d5c00000, 0x00000000eaa80000, 0x0000000100000000)
  eden space 215552K, 100% used [0x00000000d5c00000,0x00000000e2e80000,0x00000000e2e80000)
  from space 13824K, 0% used [0x00000000e2e80000,0x00000000e2e80000,0x00000000e3c00000)
  to   space 14848K, 0% used [0x00000000e9c00000,0x00000000e9c00000,0x00000000eaa80000)
 ParOldGen       total 76800K, used 19911K [0x0000000081400000, 0x0000000085f00000, 0x00000000d5c00000)
  object space 76800K, 25% used [0x0000000081400000,0x0000000082771e28,0x0000000085f00000)
 Metaspace       used 45868K, capacity 47933K, committed 48128K, reserved 1091584K
  class space    used 6398K, capacity 6785K, committed 6912K, reserved 1048576K
Event: 5.735 GC heap after
Heap after GC invocations=12 (full 2):
 PSYoungGen      total 310272K, used 14840K [0x00000000d5c00000, 0x00000000eaa80000, 0x0000000100000000)
  eden space 295424K, 0% used [0x00000000d5c00000,0x00000000d5c00000,0x00000000e7c80000)
  from space 14848K, 99% used [0x00000000e9c00000,0x00000000eaa7e2f0,0x00000000eaa80000)
  to   space 17408K, 0% used [0x00000000e8880000,0x00000000e8880000,0x00000000e9980000)
 ParOldGen       total 76800K, used 20971K [0x0000000081400000, 0x0000000085f00000, 0x00000000d5c00000)
  object space 76800K, 27% used [0x0000000081400000,0x000000008287ac28,0x0000000085f00000)
 Metaspace       used 45868K, capacity 47933K, committed 48128K, reserved 1091584K
  class space    used 6398K, capacity 6785K, committed 6912K, reserved 1048576K
}
Event: 7.503 GC heap before
{Heap before GC invocations=13 (full 2):
 PSYoungGen      total 310272K, used 301294K [0x00000000d5c00000, 0x00000000eaa80000, 0x0000000100000000)
  eden space 295424K, 96% used [0x00000000d5c00000,0x00000000e73bd7e8,0x00000000e7c80000)
  from space 14848K, 99% used [0x00000000e9c00000,0x00000000eaa7e2f0,0x00000000eaa80000)
  to   space 17408K, 0% used [0x00000000e8880000,0x00000000e8880000,0x00000000e9980000)
 ParOldGen       total 76800K, used 20971K [0x0000000081400000, 0x0000000085f00000, 0x00000000d5c00000)
  object space 76800K, 27% used [0x0000000081400000,0x000000008287ac28,0x0000000085f00000)
 Metaspace       used 56260K, capacity 59073K, committed 59136K, reserved 1099776K
  class space    used 7666K, capacity 8164K, committed 8192K, reserved 1048576K
Event: 7.519 GC heap after
Heap after GC invocations=13 (full 2):
 PSYoungGen      total 325120K, used 17393K [0x00000000d5c00000, 0x00000000f0a00000, 0x0000000100000000)
  eden space 307712K, 0% used [0x00000000d5c00000,0x00000000d5c00000,0x00000000e8880000)
  from space 17408K, 99% used [0x00000000e8880000,0x00000000e997c700,0x00000000e9980000)
  to   space 22016K, 0% used [0x00000000ef480000,0x00000000ef480000,0x00000000f0a00000)
 ParOldGen       total 76800K, used 27188K [0x0000000081400000, 0x0000000085f00000, 0x00000000d5c00000)
  object space 76800K, 35% used [0x0000000081400000,0x0000000082e8d078,0x0000000085f00000)
 Metaspace       used 56260K, capacity 59073K, committed 59136K, reserved 1099776K
  class space    used 7666K, capacity 8164K, committed 8192K, reserved 1048576K
}
Event: 7.519 GC heap before
{Heap before GC invocations=14 (full 3):
 PSYoungGen      total 325120K, used 17393K [0x00000000d5c00000, 0x00000000f0a00000, 0x0000000100000000)
  eden space 307712K, 0% used [0x00000000d5c00000,0x00000000d5c00000,0x00000000e8880000)
  from space 17408K, 99% used [0x00000000e8880000,0x00000000e997c700,0x00000000e9980000)
  to   space 22016K, 0% used [0x00000000ef480000,0x00000000ef480000,0x00000000f0a00000)
 ParOldGen       total 76800K, used 27188K [0x0000000081400000, 0x0000000085f00000, 0x00000000d5c00000)
  object space 76800K, 35% used [0x0000000081400000,0x0000000082e8d078,0x0000000085f00000)
 Metaspace       used 56260K, capacity 59073K, committed 59136K, reserved 1099776K
  class space    used 7666K, capacity 8164K, committed 8192K, reserved 1048576K
Event: 7.701 GC heap after
Heap after GC invocations=14 (full 3):
 PSYoungGen      total 325120K, used 0K [0x00000000d5c00000, 0x00000000f0a00000, 0x0000000100000000)
  eden space 307712K, 0% used [0x00000000d5c00000,0x00000000d5c00000,0x00000000e8880000)
  from space 17408K, 0% used [0x00000000e8880000,0x00000000e8880000,0x00000000e9980000)
  to   space 22016K, 0% used [0x00000000ef480000,0x00000000ef480000,0x00000000f0a00000)
 ParOldGen       total 76800K, used 40461K [0x0000000081400000, 0x0000000085f00000, 0x00000000d5c00000)
  object space 76800K, 52% used [0x0000000081400000,0x0000000083b83798,0x0000000085f00000)
 Metaspace       used 56260K, capacity 59073K, committed 59136K, reserved 1099776K
  class space    used 7666K, capacity 8164K, committed 8192K, reserved 1048576K
}

